$ uv run vecsearch.py
Traceback (most recent call last):
  File "/Users/joe/.local/share/uv/python/cpython-3.12.12-macos-aarch64-none/lib/python3.12/pathlib.py", line 1311, in mkdir
    os.mkdir(self, mode)
FileNotFoundError: [Errno 2] No such file or directory: '/root/.openclaw/workspace/memory/vectors'

During handling of the above exception, another exception occurred:

Traceback (most recent call last):
  File "/Users/joe/.local/share/uv/python/cpython-3.12.12-macos-aarch64-none/lib/python3.12/pathlib.py", line 1311, in mkdir
    os.mkdir(self, mode)
FileNotFoundError: [Errno 2] No such file or directory: '/root/.openclaw/workspace/memory'

During handling of the above exception, another exception occurred:

Traceback (most recent call last):
  File "/Users/joe/.local/share/uv/python/cpython-3.12.12-macos-aarch64-none/lib/python3.12/pathlib.py", line 1311, in mkdir
    os.mkdir(self, mode)
FileNotFoundError: [Errno 2] No such file or directory: '/root/.openclaw/workspace'

During handling of the above exception, another exception occurred:

Traceback (most recent call last):
  File "/Users/joe/.local/share/uv/python/cpython-3.12.12-macos-aarch64-none/lib/python3.12/pathlib.py", line 1311, in mkdir
    os.mkdir(self, mode)
FileNotFoundError: [Errno 2] No such file or directory: '/root/.openclaw'

During handling of the above exception, another exception occurred:

Traceback (most recent call last):
  File "/Users/joe/dev/mem/vecsearch.py", line 533, in <module>
    main()
  File "/Users/joe/dev/mem/vecsearch.py", line 510, in main
    vs = SimpleVectorSearch()
         ^^^^^^^^^^^^^^^^^^^^
  File "/Users/joe/dev/mem/vecsearch.py", line 29, in __init__
    self._ensure_dirs()
  File "/Users/joe/dev/mem/vecsearch.py", line 33, in _ensure_dirs
    VECTORS_DIR.mkdir(parents=True, exist_ok=True)
  File "/Users/joe/.local/share/uv/python/cpython-3.12.12-macos-aarch64-none/lib/python3.12/pathlib.py", line 1315, in mkdir
    self.parent.mkdir(parents=True, exist_ok=True)
  File "/Users/joe/.local/share/uv/python/cpython-3.12.12-macos-aarch64-none/lib/python3.12/pathlib.py", line 1315, in mkdir
    self.parent.mkdir(parents=True, exist_ok=True)
  File "/Users/joe/.local/share/uv/python/cpython-3.12.12-macos-aarch64-none/lib/python3.12/pathlib.py", line 1315, in mkdir
    self.parent.mkdir(parents=True, exist_ok=True)
  [Previous line repeated 1 more time]
  File "/Users/joe/.local/share/uv/python/cpython-3.12.12-macos-aarch64-none/lib/python3.12/pathlib.py", line 1311, in mkdir
    os.mkdir(self, mode)
OSError: [Errno 30] Read-only file system: '/root'

# joe @ Josephs-MacBook-Air in ~/dev/mem [13:17:53] C:1
$